<?xml version="1.0" encoding="UTF-8"?>
<!-- Generated by org.testng.reporters.JUnitReportReporter -->
<testsuite hostname="LAPTOP-16QI022G" failures="0" tests="2" name="testCases.GithubRepoTest" time="1.805" errors="0" timestamp="2024-10-17T22:42:26 IST" skipped="0">
  <testcase classname="testCases.GithubRepoTest" name="testCreatePublicRepository" time="1.345"/>
  <testcase classname="testCases.GithubRepoTest" name="testCreatePrivateRepository" time="0.460"/>
</testsuite> <!-- testCases.GithubRepoTest -->
