<?xml version="1.0" encoding="UTF-8"?>
<!-- Generated by org.testng.reporters.JUnitReportReporter -->
<testsuite hostname="LAPTOP-16QI022G" failures="0" tests="1" name="testCases.TestNavigation" time="2.072" errors="0" timestamp="2024-10-17T22:42:26 IST" skipped="0">
  <testcase classname="testCases.TestNavigation" name="testNavigationBetweenFeatures" time="2.072"/>
</testsuite> <!-- testCases.TestNavigation -->
